<?xml version="1.0" encoding="UTF-8"?>
<testng-results ignored="0" total="1" passed="1" failed="0" skipped="0">
  <reporter-output>
  </reporter-output>
  <suite started-at="2025-10-24T11:46:38 IST" name="Default suite" finished-at="2025-10-24T11:46:48 IST" duration-ms="10128">
    <groups>
    </groups>
    <test started-at="2025-10-24T11:46:38 IST" name="Default test" finished-at="2025-10-24T11:46:48 IST" duration-ms="10128">
      <class name="Testclasses.Main_Test">
        <test-method is-config="true" signature="openingweb()[pri:0, instance:Testclasses.Main_Test@1e800aaa]" started-at="2025-10-24T11:46:38 IST" name="openingweb" finished-at="2025-10-24T11:46:43 IST" duration-ms="4897" status="PASS">
          <reporter-output>
          </reporter-output>
        </test-method> <!-- openingweb -->
        <test-method signature="e_commerce(java.lang.String,java.lang.String,java.lang.String,java.lang.String,java.lang.String)[pri:0, instance:Testclasses.Main_Test@1e800aaa]" started-at="2025-10-24T11:46:45 IST" name="e_commerce" data-provider="LoginData" finished-at="2025-10-24T11:46:47 IST" duration-ms="2335" status="PASS">
          <params>
            <param index="0">
              <value>
                <![CDATA[standard_user]]>
              </value>
            </param>
            <param index="1">
              <value>
                <![CDATA[secret_sauce]]>
              </value>
            </param>
            <param index="2">
              <value>
                <![CDATA[Omkar]]>
              </value>
            </param>
            <param index="3">
              <value>
                <![CDATA[A]]>
              </value>
            </param>
            <param index="4">
              <value>
                <![CDATA[524240]]>
              </value>
            </param>
          </params>
          <reporter-output>
          </reporter-output>
        </test-method> <!-- e_commerce -->
        <test-method is-config="true" signature="quit()[pri:0, instance:Testclasses.Main_Test@1e800aaa]" started-at="2025-10-24T11:46:47 IST" name="quit" finished-at="2025-10-24T11:46:48 IST" duration-ms="536" status="PASS">
          <reporter-output>
          </reporter-output>
        </test-method> <!-- quit -->
      </class> <!-- Testclasses.Main_Test -->
    </test> <!-- Default test -->
  </suite> <!-- Default suite -->
</testng-results>
